android/app/build/outputs/logs/manifest-merger-release-report.txt
-- Merging decision tree log ---
manifest
ADDED from src/main/AndroidManifest.xml:1:1-45:12
INJECTED from src/main/AndroidManifest.xml:1:1-45:12
INJECTED from src/main/AndroidManifest.xml:1:1-45:12
INJECTED from src/main/AndroidManifest.xml:1:1-45:12
INJECTED from src/main/AndroidManifest.xml:1:1-45:12
INJECTED from src/main/AndroidManifest.xml:1:1-45:12
INJECTED from src/main/AndroidManifest.xml:1:1-45:12
	package
		ADDED from src/main/AndroidManifest.xml:2:5-44
		INJECTED from src/main/AndroidManifest.xml
		INJECTED from src/main/AndroidManifest.xml
	android:versionName
		ADDED from src/main/AndroidManifest.xml:4:5-30
		INJECTED from src/main/AndroidManifest.xml
		INJECTED from src/main/AndroidManifest.xml
	xmlns:android
		ADDED from src/main/AndroidManifest.xml:1:11-69
	android:versionCode
		ADDED from src/main/AndroidManifest.xml:3:5-28
		INJECTED from src/main/AndroidManifest.xml
		INJECTED from src/main/AndroidManifest.xml
uses-permission#android.permission.CAMERA
ADDED from src/main/AndroidManifest.xml:6:2-62
	android:name
		ADDED from src/main/AndroidManifest.xml:6:19-59
uses-permission#android.permission.WAKE_LOCK
ADDED from src/main/AndroidManifest.xml:7:2-65
	android:name
		ADDED from src/main/AndroidManifest.xml:7:19-62
uses-permission#android.permission.WRITE_EXTERNAL_STORAGE
ADDED from src/main/AndroidManifest.xml:8:2-78
	android:name
		ADDED from src/main/AndroidManifest.xml:8:19-75
uses-feature#android.hardware.camera
ADDED from src/main/AndroidManifest.xml:10:2-57
	android:name
		ADDED from src/main/AndroidManifest.xml:10:16-54
uses-permission#android.permission.SYSTEM_ALERT_WINDOW
ADDED from src/main/AndroidManifest.xml:11:2-74
	android:name
		ADDED from src/main/AndroidManifest.xml:11:19-72
uses-permission#android.permission.INTERNET
ADDED from src/main/AndroidManifest.xml:12:2-63
	android:name
		ADDED from src/main/AndroidManifest.xml:12:19-61
application
ADDED from src/main/AndroidManifest.xml:14:5-41:19
	android:label
		ADDED from src/main/AndroidManifest.xml:16:9-41
	android:keepScreenOn
		ADDED from src/main/AndroidManifest.xml:18:9-36
	android:icon
		ADDED from src/main/AndroidManifest.xml:15:9-45
	android:theme
		ADDED from src/main/AndroidManifest.xml:17:9-40
activity#com.example.time_lapse_camera.TakePicture
ADDED from src/main/AndroidManifest.xml:19:9-30:20
	android:screenOrientation
		ADDED from src/main/AndroidManifest.xml:22:13-50
	android:label
		ADDED from src/main/AndroidManifest.xml:21:13-64
	android:name
		ADDED from src/main/AndroidManifest.xml:20:13-40
intent-filter#action:name:android.intent.action.MAIN+category:name:android.intent.category.LAUNCHER
ADDED from src/main/AndroidManifest.xml:25:13-29:29
action#android.intent.action.MAIN
ADDED from src/main/AndroidManifest.xml:26:17-69
	android:name
		ADDED from src/main/AndroidManifest.xml:26:25-66
category#android.intent.category.LAUNCHER
ADDED from src/main/AndroidManifest.xml:28:17-77
	android:name
		ADDED from src/main/AndroidManifest.xml:28:27-74
service#com.example.time_lapse_camera.TimeLapsePictureTaker
ADDED from src/main/AndroidManifest.xml:31:9-39:19
	android:process
		ADDED from src/main/AndroidManifest.xml:32:15-40
	android:permission
		ADDED from src/main/AndroidManifest.xml:33:15-61
	android:name
		ADDED from src/main/AndroidManifest.xml:31:18-54
intent-filter#action:name:com.mhzmaster.tlpt.START+action:name:com.mhzmaster.tlpt.STOP
ADDED from src/main/AndroidManifest.xml:34:13-37:29
action#com.mhzmaster.tlpt.START
ADDED from src/main/AndroidManifest.xml:35:14-64
	android:name
		ADDED from src/main/AndroidManifest.xml:35:22-61
action#com.mhzmaster.tlpt.STOP
ADDED from src/main/AndroidManifest.xml:36:14-63
	android:name
		ADDED from src/main/AndroidManifest.xml:36:22-60
uses-sdk
INJECTED from src/main/AndroidManifest.xml reason: use-sdk injection requested
INJECTED from src/main/AndroidManifest.xml
INJECTED from src/main/AndroidManifest.xml
INJECTED from src/main/AndroidManifest.xml
INJECTED from src/main/AndroidManifest.xml
	android:targetSdkVersion
		INJECTED from src/main/AndroidManifest.xml
		ADDED from src/main/AndroidManifest.xml
		INJECTED from src/main/AndroidManifest.xml
	android:minSdkVersion
		INJECTED from src/main/AndroidManifest.xml
		ADDED from src/main/AndroidManifest.xml
		INJECTED from src/main/AndroidManifest.xml